
=CRASH REPORT==== 21-Apr-2012::16:15:30 ===
  crasher:
    initial call: application_master:init/4
    pid: <0.65.0>
    registered_name: []
    exception exit: {bad_return,
                        {{cheea,start,[normal,[]]},
                         {'EXIT',
                             {undef,
                                 [{sendfile,start_link,[],[]},
                                  {cheea,start,2,
                                      [{file,"src/cheea.erl"},{line,30}]},
                                  {application_master,start_it_old,4,
                                      [{file,"application_master.erl"},
                                       {line,274}]}]}}}}
      in function  application_master:init/4 (application_master.erl, line 138)
    ancestors: [<0.64.0>]
    messages: [{'EXIT',<0.66.0>,normal}]
    links: [<0.64.0>,<0.7.0>]
    dictionary: []
    trap_exit: true
    status: running
    heap_size: 610
    stack_size: 24
    reductions: 107
  neighbours:
